This file contains any messages produced by compilers while
running configure, to aid debugging if configure makes a mistake.

It was created by Clp configure 0.1, which was
generated by GNU Autoconf 2.59.  Invocation command line was

  $ ./configure 

## --------- ##
## Platform. ##
## --------- ##

hostname = ubuntu
uname -m = i686
uname -r = 2.6.28-15-server
uname -s = Linux
uname -v = #52-Ubuntu SMP Wed Sep 9 11:50:50 UTC 2009

/usr/bin/uname -p = unknown
/bin/uname -X     = unknown

/bin/arch              = unknown
/usr/bin/arch -k       = unknown
/usr/convex/getsysinfo = unknown
hostinfo               = unknown
/bin/machine           = unknown
/usr/bin/oslevel       = unknown
/bin/universe          = unknown

PATH: /home/longbin/shape/scripts/
PATH: /home/longbin/ncbi/ncbi/bin
PATH: /usr/local/sbin
PATH: /usr/local/bin
PATH: /usr/sbin
PATH: /usr/bin
PATH: /sbin
PATH: /bin
PATH: /usr/games


## ----------- ##
## Core tests. ##
## ----------- ##

configure:1668: checking build system type
configure:1686: result: i686-pc-linux-gnu
configure:1697: checking whether we want to compile in debug mode
configure:1724: result: no
configure:1883: checking for xlc
configure:1912: result: no
configure:1883: checking for gcc
configure:1899: found /usr/bin/gcc
configure:1909: result: gcc
configure:1930: checking for C compiler version
configure:1933: gcc --version </dev/null >&5
gcc (Ubuntu 4.3.3-5ubuntu4) 4.3.3
Copyright (C) 2008 Free Software Foundation, Inc.
This is free software; see the source for copying conditions.  There is NO
warranty; not even for MERCHANTABILITY or FITNESS FOR A PARTICULAR PURPOSE.

configure:1936: $? = 0
configure:1938: gcc -v </dev/null >&5
Using built-in specs.
Target: i486-linux-gnu
Configured with: ../src/configure -v --with-pkgversion='Ubuntu 4.3.3-5ubuntu4' --with-bugurl=file:///usr/share/doc/gcc-4.3/README.Bugs --enable-languages=c,c++,fortran,objc,obj-c++ --prefix=/usr --enable-shared --with-system-zlib --libexecdir=/usr/lib --without-included-gettext --enable-threads=posix --enable-nls --with-gxx-include-dir=/usr/include/c++/4.3 --program-suffix=-4.3 --enable-clocale=gnu --enable-libstdcxx-debug --enable-objc-gc --enable-mpfr --enable-targets=all --with-tune=generic --enable-checking=release --build=i486-linux-gnu --host=i486-linux-gnu --target=i486-linux-gnu
Thread model: posix
gcc version 4.3.3 (Ubuntu 4.3.3-5ubuntu4) 
configure:1941: $? = 0
configure:1943: gcc -V </dev/null >&5
gcc: '-V' option must have argument
configure:1946: $? = 1
configure:1969: checking for C compiler default output file name
configure:1972: gcc    conftest.c  >&5
configure:1975: $? = 0
configure:2021: result: a.out
configure:2026: checking whether the C compiler works
configure:2032: ./a.out
configure:2035: $? = 0
configure:2052: result: yes
configure:2059: checking whether we are cross compiling
configure:2061: result: no
configure:2064: checking for suffix of executables
configure:2066: gcc -o conftest    conftest.c  >&5
configure:2069: $? = 0
configure:2094: result: 
configure:2100: checking for suffix of object files
configure:2121: gcc -c   conftest.c >&5
configure:2124: $? = 0
configure:2146: result: o
configure:2150: checking whether we are using the GNU C compiler
configure:2174: gcc -c   conftest.c >&5
configure:2180: $? = 0
configure:2184: test -z 
			 || test ! -s conftest.err
configure:2187: $? = 0
configure:2190: test -s conftest.o
configure:2193: $? = 0
configure:2206: result: yes
configure:2212: checking whether gcc accepts -g
configure:2233: gcc -c -g  conftest.c >&5
configure:2239: $? = 0
configure:2243: test -z 
			 || test ! -s conftest.err
configure:2246: $? = 0
configure:2249: test -s conftest.o
configure:2252: $? = 0
configure:2263: result: yes
configure:2280: checking for gcc option to accept ANSI C
configure:2350: gcc  -c -g -O2  conftest.c >&5
configure:2356: $? = 0
configure:2360: test -z 
			 || test ! -s conftest.err
configure:2363: $? = 0
configure:2366: test -s conftest.o
configure:2369: $? = 0
configure:2387: result: none needed
configure:2405: gcc -c -g -O2  conftest.c >&5
conftest.c:2: error: expected '=', ',', ';', 'asm' or '__attribute__' before 'me'
configure:2411: $? = 1
configure: failed program was:
| #ifndef __cplusplus
|   choke me
| #endif
configure:2854: gcc -o conftest -O3 -fomit-frame-pointer -pipe -DNDEBUG -pedantic-errors -Wimplicit -Wparentheses -Wsequence-point -Wreturn-type -Wcast-qual -Wall     conftest.c  >&5
configure:2860: $? = 0
configure:2864: test -z 
			 || test ! -s conftest.err
configure:2867: $? = 0
configure:2870: test -s conftest
configure:2873: $? = 0
configure:2940: C compiler options are: -O3 -fomit-frame-pointer -pipe -DNDEBUG -pedantic-errors -Wimplicit -Wparentheses -Wsequence-point -Wreturn-type -Wcast-qual -Wall  
configure:3069: checking for xlC
configure:3098: result: no
configure:3069: checking for aCC
configure:3098: result: no
configure:3069: checking for CC
configure:3098: result: no
configure:3069: checking for g++
configure:3085: found /usr/bin/g++
configure:3095: result: g++
configure:3111: checking for C++ compiler version
configure:3114: g++ --version </dev/null >&5
g++ (Ubuntu 4.3.3-5ubuntu4) 4.3.3
Copyright (C) 2008 Free Software Foundation, Inc.
This is free software; see the source for copying conditions.  There is NO
warranty; not even for MERCHANTABILITY or FITNESS FOR A PARTICULAR PURPOSE.

configure:3117: $? = 0
configure:3119: g++ -v </dev/null >&5
Using built-in specs.
Target: i486-linux-gnu
Configured with: ../src/configure -v --with-pkgversion='Ubuntu 4.3.3-5ubuntu4' --with-bugurl=file:///usr/share/doc/gcc-4.3/README.Bugs --enable-languages=c,c++,fortran,objc,obj-c++ --prefix=/usr --enable-shared --with-system-zlib --libexecdir=/usr/lib --without-included-gettext --enable-threads=posix --enable-nls --with-gxx-include-dir=/usr/include/c++/4.3 --program-suffix=-4.3 --enable-clocale=gnu --enable-libstdcxx-debug --enable-objc-gc --enable-mpfr --enable-targets=all --with-tune=generic --enable-checking=release --build=i486-linux-gnu --host=i486-linux-gnu --target=i486-linux-gnu
Thread model: posix
gcc version 4.3.3 (Ubuntu 4.3.3-5ubuntu4) 
configure:3122: $? = 0
configure:3124: g++ -V </dev/null >&5
g++: '-V' option must have argument
configure:3127: $? = 1
configure:3130: checking whether we are using the GNU C++ compiler
configure:3154: g++ -c   conftest.cc >&5
configure:3160: $? = 0
configure:3164: test -z 
			 || test ! -s conftest.err
configure:3167: $? = 0
configure:3170: test -s conftest.o
configure:3173: $? = 0
configure:3186: result: yes
configure:3192: checking whether g++ accepts -g
configure:3213: g++ -c -g  conftest.cc >&5
configure:3219: $? = 0
configure:3223: test -z 
			 || test ! -s conftest.err
configure:3226: $? = 0
configure:3229: test -s conftest.o
configure:3232: $? = 0
configure:3243: result: yes
configure:3285: g++ -c -g -O2  conftest.cc >&5
configure:3291: $? = 0
configure:3295: test -z 
			 || test ! -s conftest.err
configure:3298: $? = 0
configure:3301: test -s conftest.o
configure:3304: $? = 0
configure:3330: g++ -c -g -O2  conftest.cc >&5
conftest.cc: In function 'int main()':
conftest.cc:13: error: 'exit' was not declared in this scope
configure:3336: $? = 1
configure: failed program was:
| /* confdefs.h.  */
| 
| #define PACKAGE_NAME "Clp"
| #define PACKAGE_TARNAME "clp"
| #define PACKAGE_VERSION "0.1"
| #define PACKAGE_STRING "Clp 0.1"
| #define PACKAGE_BUGREPORT "coin-clp@lists.coin-or.org"
| /* end confdefs.h.  */
| 
| int
| main ()
| {
| exit (42);
|   ;
|   return 0;
| }
configure:3285: g++ -c -g -O2  conftest.cc >&5
conftest.cc:9: error: 'void std::exit(int)' should have been declared inside 'std'
configure:3291: $? = 1
configure: failed program was:
| /* confdefs.h.  */
| 
| #define PACKAGE_NAME "Clp"
| #define PACKAGE_TARNAME "clp"
| #define PACKAGE_VERSION "0.1"
| #define PACKAGE_STRING "Clp 0.1"
| #define PACKAGE_BUGREPORT "coin-clp@lists.coin-or.org"
| /* end confdefs.h.  */
| extern "C" void std::exit (int) throw (); using std::exit;
| #include <stdlib.h>
| int
| main ()
| {
| exit (42);
|   ;
|   return 0;
| }
configure:3285: g++ -c -g -O2  conftest.cc >&5
conftest.cc:9: error: 'void std::exit(int)' should have been declared inside 'std'
In file included from conftest.cc:10:
/usr/include/stdlib.h:531: error: declaration of 'void std::exit(int) throw ()' throws different exceptions
conftest.cc:9: error: from previous declaration 'void std::exit(int)'
configure:3291: $? = 1
configure: failed program was:
| /* confdefs.h.  */
| 
| #define PACKAGE_NAME "Clp"
| #define PACKAGE_TARNAME "clp"
| #define PACKAGE_VERSION "0.1"
| #define PACKAGE_STRING "Clp 0.1"
| #define PACKAGE_BUGREPORT "coin-clp@lists.coin-or.org"
| /* end confdefs.h.  */
| extern "C" void std::exit (int); using std::exit;
| #include <stdlib.h>
| int
| main ()
| {
| exit (42);
|   ;
|   return 0;
| }
configure:3285: g++ -c -g -O2  conftest.cc >&5
configure:3291: $? = 0
configure:3295: test -z 
			 || test ! -s conftest.err
configure:3298: $? = 0
configure:3301: test -s conftest.o
configure:3304: $? = 0
configure:3330: g++ -c -g -O2  conftest.cc >&5
configure:3336: $? = 0
configure:3340: test -z 
			 || test ! -s conftest.err
configure:3343: $? = 0
configure:3346: test -s conftest.o
configure:3349: $? = 0
configure:3695: g++ -o conftest -O3 -fomit-frame-pointer -pipe -DNDEBUG -pedantic-errors -Wimplicit -Wparentheses -Wreturn-type -Wcast-qual -Wall -Wpointer-arith -Wwrite-strings -Wconversion     conftest.cc  >&5
configure:3701: $? = 0
configure:3705: test -z 
			 || test ! -s conftest.err
configure:3708: $? = 0
configure:3711: test -s conftest
configure:3714: $? = 0
configure:3781: C++ compiler options are: -O3 -fomit-frame-pointer -pipe -DNDEBUG -pedantic-errors -Wimplicit -Wparentheses -Wreturn-type -Wcast-qual -Wall -Wpointer-arith -Wwrite-strings -Wconversion  
configure:3863: Trying to determine Fortran compiler name
configure:3869: checking for xlf
configure:3898: result: no
configure:3869: checking for fort77
configure:3898: result: no
configure:3869: checking for gfortran
configure:3898: result: no
configure:3869: checking for f77
configure:3898: result: no
configure:3869: checking for g77
configure:3898: result: no
configure:3869: checking for pgf90
configure:3898: result: no
configure:3869: checking for pgf77
configure:3898: result: no
configure:3869: checking for ifort
configure:3898: result: no
configure:3869: checking for ifc
configure:3898: result: no
configure:3869: checking for frt
configure:3898: result: no
configure:3869: checking for af77
configure:3898: result: no
configure:4144: WARNING: Failed to find a Fortran compiler!
configure:4478: Fortran compiler options are:  
configure:4577: checking for egrep
configure:4587: result: grep -E
configure:4606: checking for a BSD-compatible install
configure:4661: result: /usr/bin/install -c
configure:4672: checking whether build environment is sane
configure:4715: result: yes
configure:4780: checking for gawk
configure:4809: result: no
configure:4780: checking for mawk
configure:4796: found /usr/bin/mawk
configure:4806: result: mawk
configure:4816: checking whether make sets $(MAKE)
configure:4836: result: yes
configure:4866: checking for style of include used by make
configure:4894: result: GNU
configure:5074: checking dependency style of gcc
configure:5164: result: gcc3
configure:5183: checking dependency style of g++
configure:5273: result: gcc3
configure:5291: checking whether to enable maintainer-specific portions of Makefiles
configure:5300: result: no
configure:5777: checking host system type
configure:5791: result: i686-pc-linux-gnu
configure:5799: checking for a sed that does not truncate output
configure:5853: result: /bin/sed
configure:5867: checking for ld used by gcc
configure:5934: result: /usr/bin/ld
configure:5943: checking if the linker (/usr/bin/ld) is GNU ld
configure:5958: result: yes
configure:5963: checking for /usr/bin/ld option to reload object files
configure:5970: result: -r
configure:5988: checking for BSD-compatible nm
configure:6037: result: /usr/bin/nm -B
configure:6041: checking whether ln -s works
configure:6045: result: yes
configure:6052: checking how to recognise dependent libraries
configure:6228: result: pass_all
configure:6464: checking how to run the C preprocessor
configure:6499: gcc -E  conftest.c
configure:6505: $? = 0
configure:6537: gcc -E  conftest.c
conftest.c:14:28: error: ac_nonexistent.h: No such file or directory
configure:6543: $? = 1
configure: failed program was:
| /* confdefs.h.  */
| 
| #define PACKAGE_NAME "Clp"
| #define PACKAGE_TARNAME "clp"
| #define PACKAGE_VERSION "0.1"
| #define PACKAGE_STRING "Clp 0.1"
| #define PACKAGE_BUGREPORT "coin-clp@lists.coin-or.org"
| #ifdef __cplusplus
| extern "C" void exit (int) throw ();
| #endif
| #define PACKAGE "clp"
| #define VERSION "0.1"
| /* end confdefs.h.  */
| #include <ac_nonexistent.h>
configure:6582: result: gcc -E
configure:6606: gcc -E  conftest.c
configure:6612: $? = 0
configure:6644: gcc -E  conftest.c
conftest.c:14:28: error: ac_nonexistent.h: No such file or directory
configure:6650: $? = 1
configure: failed program was:
| /* confdefs.h.  */
| 
| #define PACKAGE_NAME "Clp"
| #define PACKAGE_TARNAME "clp"
| #define PACKAGE_VERSION "0.1"
| #define PACKAGE_STRING "Clp 0.1"
| #define PACKAGE_BUGREPORT "coin-clp@lists.coin-or.org"
| #ifdef __cplusplus
| extern "C" void exit (int) throw ();
| #endif
| #define PACKAGE "clp"
| #define VERSION "0.1"
| /* end confdefs.h.  */
| #include <ac_nonexistent.h>
configure:6694: checking for ANSI C header files
configure:6719: gcc -c -O3 -fomit-frame-pointer -pipe -DNDEBUG -pedantic-errors -Wimplicit -Wparentheses -Wsequence-point -Wreturn-type -Wcast-qual -Wall    conftest.c >&5
configure:6725: $? = 0
configure:6729: test -z 
			 || test ! -s conftest.err
configure:6732: $? = 0
configure:6735: test -s conftest.o
configure:6738: $? = 0
configure:6827: gcc -o conftest -O3 -fomit-frame-pointer -pipe -DNDEBUG -pedantic-errors -Wimplicit -Wparentheses -Wsequence-point -Wreturn-type -Wcast-qual -Wall     conftest.c  >&5
conftest.c: In function 'main':
conftest.c:31: warning: implicit declaration of function 'exit'
conftest.c:31: warning: incompatible implicit declaration of built-in function 'exit'
configure:6830: $? = 0
configure:6832: ./conftest
configure:6835: $? = 0
configure:6850: result: yes
configure:6874: checking for sys/types.h
configure:6890: gcc -c -O3 -fomit-frame-pointer -pipe -DNDEBUG -pedantic-errors -Wimplicit -Wparentheses -Wsequence-point -Wreturn-type -Wcast-qual -Wall    conftest.c >&5
configure:6896: $? = 0
configure:6900: test -z 
			 || test ! -s conftest.err
configure:6903: $? = 0
configure:6906: test -s conftest.o
configure:6909: $? = 0
configure:6920: result: yes
configure:6874: checking for sys/stat.h
configure:6890: gcc -c -O3 -fomit-frame-pointer -pipe -DNDEBUG -pedantic-errors -Wimplicit -Wparentheses -Wsequence-point -Wreturn-type -Wcast-qual -Wall    conftest.c >&5
configure:6896: $? = 0
configure:6900: test -z 
			 || test ! -s conftest.err
configure:6903: $? = 0
configure:6906: test -s conftest.o
configure:6909: $? = 0
configure:6920: result: yes
configure:6874: checking for stdlib.h
configure:6890: gcc -c -O3 -fomit-frame-pointer -pipe -DNDEBUG -pedantic-errors -Wimplicit -Wparentheses -Wsequence-point -Wreturn-type -Wcast-qual -Wall    conftest.c >&5
configure:6896: $? = 0
configure:6900: test -z 
			 || test ! -s conftest.err
configure:6903: $? = 0
configure:6906: test -s conftest.o
configure:6909: $? = 0
configure:6920: result: yes
configure:6874: checking for string.h
configure:6890: gcc -c -O3 -fomit-frame-pointer -pipe -DNDEBUG -pedantic-errors -Wimplicit -Wparentheses -Wsequence-point -Wreturn-type -Wcast-qual -Wall    conftest.c >&5
configure:6896: $? = 0
configure:6900: test -z 
			 || test ! -s conftest.err
configure:6903: $? = 0
configure:6906: test -s conftest.o
configure:6909: $? = 0
configure:6920: result: yes
configure:6874: checking for memory.h
configure:6890: gcc -c -O3 -fomit-frame-pointer -pipe -DNDEBUG -pedantic-errors -Wimplicit -Wparentheses -Wsequence-point -Wreturn-type -Wcast-qual -Wall    conftest.c >&5
configure:6896: $? = 0
configure:6900: test -z 
			 || test ! -s conftest.err
configure:6903: $? = 0
configure:6906: test -s conftest.o
configure:6909: $? = 0
configure:6920: result: yes
configure:6874: checking for strings.h
configure:6890: gcc -c -O3 -fomit-frame-pointer -pipe -DNDEBUG -pedantic-errors -Wimplicit -Wparentheses -Wsequence-point -Wreturn-type -Wcast-qual -Wall    conftest.c >&5
configure:6896: $? = 0
configure:6900: test -z 
			 || test ! -s conftest.err
configure:6903: $? = 0
configure:6906: test -s conftest.o
configure:6909: $? = 0
configure:6920: result: yes
configure:6874: checking for inttypes.h
configure:6890: gcc -c -O3 -fomit-frame-pointer -pipe -DNDEBUG -pedantic-errors -Wimplicit -Wparentheses -Wsequence-point -Wreturn-type -Wcast-qual -Wall    conftest.c >&5
configure:6896: $? = 0
configure:6900: test -z 
			 || test ! -s conftest.err
configure:6903: $? = 0
configure:6906: test -s conftest.o
configure:6909: $? = 0
configure:6920: result: yes
configure:6874: checking for stdint.h
configure:6890: gcc -c -O3 -fomit-frame-pointer -pipe -DNDEBUG -pedantic-errors -Wimplicit -Wparentheses -Wsequence-point -Wreturn-type -Wcast-qual -Wall    conftest.c >&5
configure:6896: $? = 0
configure:6900: test -z 
			 || test ! -s conftest.err
configure:6903: $? = 0
configure:6906: test -s conftest.o
configure:6909: $? = 0
configure:6920: result: yes
configure:6874: checking for unistd.h
configure:6890: gcc -c -O3 -fomit-frame-pointer -pipe -DNDEBUG -pedantic-errors -Wimplicit -Wparentheses -Wsequence-point -Wreturn-type -Wcast-qual -Wall    conftest.c >&5
configure:6896: $? = 0
configure:6900: test -z 
			 || test ! -s conftest.err
configure:6903: $? = 0
configure:6906: test -s conftest.o
configure:6909: $? = 0
configure:6920: result: yes
configure:6946: checking dlfcn.h usability
configure:6958: gcc -c -O3 -fomit-frame-pointer -pipe -DNDEBUG -pedantic-errors -Wimplicit -Wparentheses -Wsequence-point -Wreturn-type -Wcast-qual -Wall    conftest.c >&5
configure:6964: $? = 0
configure:6968: test -z 
			 || test ! -s conftest.err
configure:6971: $? = 0
configure:6974: test -s conftest.o
configure:6977: $? = 0
configure:6987: result: yes
configure:6991: checking dlfcn.h presence
configure:7001: gcc -E  conftest.c
configure:7007: $? = 0
configure:7027: result: yes
configure:7062: checking for dlfcn.h
configure:7069: result: yes
configure:7092: checking how to run the C++ preprocessor
configure:7123: g++ -E  conftest.cc
configure:7129: $? = 0
configure:7161: g++ -E  conftest.cc
conftest.cc:25:28: error: ac_nonexistent.h: No such file or directory
configure:7167: $? = 1
configure: failed program was:
| /* confdefs.h.  */
| 
| #define PACKAGE_NAME "Clp"
| #define PACKAGE_TARNAME "clp"
| #define PACKAGE_VERSION "0.1"
| #define PACKAGE_STRING "Clp 0.1"
| #define PACKAGE_BUGREPORT "coin-clp@lists.coin-or.org"
| #ifdef __cplusplus
| extern "C" void exit (int) throw ();
| #endif
| #define PACKAGE "clp"
| #define VERSION "0.1"
| #define STDC_HEADERS 1
| #define HAVE_SYS_TYPES_H 1
| #define HAVE_SYS_STAT_H 1
| #define HAVE_STDLIB_H 1
| #define HAVE_STRING_H 1
| #define HAVE_MEMORY_H 1
| #define HAVE_STRINGS_H 1
| #define HAVE_INTTYPES_H 1
| #define HAVE_STDINT_H 1
| #define HAVE_UNISTD_H 1
| #define HAVE_DLFCN_H 1
| /* end confdefs.h.  */
| #include <ac_nonexistent.h>
configure:7206: result: g++ -E
configure:7230: g++ -E  conftest.cc
configure:7236: $? = 0
configure:7268: g++ -E  conftest.cc
conftest.cc:25:28: error: ac_nonexistent.h: No such file or directory
configure:7274: $? = 1
configure: failed program was:
| /* confdefs.h.  */
| 
| #define PACKAGE_NAME "Clp"
| #define PACKAGE_TARNAME "clp"
| #define PACKAGE_VERSION "0.1"
| #define PACKAGE_STRING "Clp 0.1"
| #define PACKAGE_BUGREPORT "coin-clp@lists.coin-or.org"
| #ifdef __cplusplus
| extern "C" void exit (int) throw ();
| #endif
| #define PACKAGE "clp"
| #define VERSION "0.1"
| #define STDC_HEADERS 1
| #define HAVE_SYS_TYPES_H 1
| #define HAVE_SYS_STAT_H 1
| #define HAVE_STDLIB_H 1
| #define HAVE_STRING_H 1
| #define HAVE_MEMORY_H 1
| #define HAVE_STRINGS_H 1
| #define HAVE_INTTYPES_H 1
| #define HAVE_STDINT_H 1
| #define HAVE_UNISTD_H 1
| #define HAVE_DLFCN_H 1
| /* end confdefs.h.  */
| #include <ac_nonexistent.h>
configure:7323: checking the maximum length of command line arguments
configure:7432: result: 32768
configure:7443: checking command to parse /usr/bin/nm -B output from gcc object
configure:7548: g++ -c -O3 -fomit-frame-pointer -pipe -DNDEBUG -pedantic-errors -Wimplicit -Wparentheses -Wreturn-type -Wcast-qual -Wall -Wpointer-arith -Wwrite-strings -Wconversion    conftest.cc >&5
configure:7551: $? = 0
configure:7555: /usr/bin/nm -B conftest.o \| sed -n -e 's/^.*[ 	]\([ABCDGIRSTW][ABCDGIRSTW]*\)[ 	][ 	]*\([_A-Za-z][_A-Za-z0-9]*\)$/\1 \2 \2/p' \> conftest.nm
configure:7558: $? = 0
configure:7610: g++ -o conftest -O3 -fomit-frame-pointer -pipe -DNDEBUG -pedantic-errors -Wimplicit -Wparentheses -Wreturn-type -Wcast-qual -Wall -Wpointer-arith -Wwrite-strings -Wconversion     conftest.cc conftstm.o >&5
configure:7613: $? = 0
configure:7651: result: ok
configure:7655: checking for objdir
configure:7670: result: .libs
configure:7760: checking for ar
configure:7776: found /usr/bin/ar
configure:7787: result: ar
configure:7840: checking for ranlib
configure:7856: found /usr/bin/ranlib
configure:7867: result: ranlib
configure:7920: checking for strip
configure:7936: found /usr/bin/strip
configure:7947: result: strip
configure:8223: checking if gcc supports -fno-rtti -fno-exceptions
configure:8241: gcc -c -O3 -fomit-frame-pointer -pipe -DNDEBUG -pedantic-errors -Wimplicit -Wparentheses -Wsequence-point -Wreturn-type -Wcast-qual -Wall    -fno-rtti -fno-exceptions conftest.c >&5
cc1: warning: command line option "-fno-rtti" is valid for C++/ObjC++ but not for C
configure:8245: $? = 0
configure:8258: result: no
configure:8273: checking for gcc option to produce PIC
configure:8483: result: -fPIC
configure:8491: checking if gcc PIC flag -fPIC works
configure:8509: gcc -c -O3 -fomit-frame-pointer -pipe -DNDEBUG -pedantic-errors -Wimplicit -Wparentheses -Wsequence-point -Wreturn-type -Wcast-qual -Wall    -fPIC -DPIC conftest.c >&5
configure:8513: $? = 0
configure:8526: result: yes
configure:8554: checking if gcc static flag -static works
configure:8582: result: yes
configure:8592: checking if gcc supports -c -o file.o
configure:8613: gcc -c -O3 -fomit-frame-pointer -pipe -DNDEBUG -pedantic-errors -Wimplicit -Wparentheses -Wsequence-point -Wreturn-type -Wcast-qual -Wall    -o out/conftest2.o conftest.c >&5
configure:8617: $? = 0
configure:8639: result: yes
configure:8665: checking whether the gcc linker (/usr/bin/ld) supports shared libraries
configure:9623: result: yes
configure:9644: checking whether -lc should be explicitly linked in
configure:9649: gcc -c -O3 -fomit-frame-pointer -pipe -DNDEBUG -pedantic-errors -Wimplicit -Wparentheses -Wsequence-point -Wreturn-type -Wcast-qual -Wall    conftest.c >&5
configure:9652: $? = 0
configure:9667: gcc -shared conftest.o  -v -Wl,-soname -Wl,conftest -o conftest 2\>\&1 \| grep  -lc  \>/dev/null 2\>\&1
configure:9670: $? = 0
configure:9682: result: no
configure:9690: checking dynamic linker characteristics
configure:10278: result: GNU/Linux ld.so
configure:10287: checking how to hardcode library paths into programs
configure:10312: result: immediate
configure:10326: checking whether stripping libraries is possible
configure:10331: result: yes
configure:11165: checking if libtool supports shared libraries
configure:11167: result: yes
configure:11170: checking whether to build shared libraries
configure:11191: result: yes
configure:11194: checking whether to build static libraries
configure:11198: result: no
configure:11290: creating libtool
configure:11878: checking for ld used by g++
configure:11945: result: /usr/bin/ld
configure:11954: checking if the linker (/usr/bin/ld) is GNU ld
configure:11969: result: yes
configure:12020: checking whether the g++ linker (/usr/bin/ld) supports shared libraries
configure:12958: result: yes
configure:12980: g++ -c -O3 -fomit-frame-pointer -pipe -DNDEBUG -pedantic-errors -Wimplicit -Wparentheses -Wreturn-type -Wcast-qual -Wall -Wpointer-arith -Wwrite-strings -Wconversion    conftest.cpp >&5
configure:12983: $? = 0
configure:13102: checking for g++ option to produce PIC
configure:13376: result: -fPIC
configure:13384: checking if g++ PIC flag -fPIC works
configure:13402: g++ -c -O3 -fomit-frame-pointer -pipe -DNDEBUG -pedantic-errors -Wimplicit -Wparentheses -Wreturn-type -Wcast-qual -Wall -Wpointer-arith -Wwrite-strings -Wconversion    -fPIC -DPIC conftest.cpp >&5
configure:13406: $? = 0
configure:13419: result: yes
configure:13447: checking if g++ static flag -static works
configure:13475: result: yes
configure:13485: checking if g++ supports -c -o file.o
configure:13506: g++ -c -O3 -fomit-frame-pointer -pipe -DNDEBUG -pedantic-errors -Wimplicit -Wparentheses -Wreturn-type -Wcast-qual -Wall -Wpointer-arith -Wwrite-strings -Wconversion    -o out/conftest2.o conftest.cpp >&5
configure:13510: $? = 0
configure:13532: result: yes
configure:13558: checking whether the g++ linker (/usr/bin/ld) supports shared libraries
configure:13583: result: yes
configure:13650: checking dynamic linker characteristics
configure:14238: result: GNU/Linux ld.so
configure:14247: checking how to hardcode library paths into programs
configure:14272: result: immediate
configure:14798: checking if libtool supports shared libraries
configure:14800: result: yes
configure:14803: checking whether to build shared libraries
configure:14823: result: yes
configure:14826: checking whether to build static libraries
configure:14830: result: no
configure:14840: checking for unavailable option to produce PIC
configure:15050: result: -fPIC
configure:15058: checking if unavailable PIC flag -fPIC works
configure:15076: unavailable -c   -fPIC conftest.f >&5
./configure: line 15077: unavailable: command not found
configure:15080: $? = 127
configure:15093: result: no
configure:15121: checking if unavailable static flag -static works
configure:15149: result: no
configure:15159: checking if unavailable supports -c -o file.o
configure:15180: unavailable -c   -o out/conftest2.o conftest.f >&5
./configure: line 15181: unavailable: command not found
configure:15184: $? = 127
configure:15206: result: no
configure:15232: checking whether the unavailable linker (/usr/bin/ld) supports shared libraries
configure:16170: result: yes
configure:16237: checking dynamic linker characteristics
configure:16825: result: GNU/Linux ld.so
configure:16834: checking how to hardcode library paths into programs
configure:16859: result: immediate
configure:20464: Build is "i686-pc-linux-gnu".
configure:20643: checking whether directory CoinUtils is available
configure:20658: result: yes
configure:20681: checking whether directory Data/Netlib is available
configure:20703: result: no
configure:20719: checking whether directory Data/Sample is available
configure:20741: result: no
configure:20757: checking whether directory Clp is available
configure:20772: result: yes
configure:21004: creating ./config.status

## ---------------------- ##
## Running config.status. ##
## ---------------------- ##

This file was extended by Clp config.status 0.1, which was
generated by GNU Autoconf 2.59.  Invocation command line was

  CONFIG_FILES    = 
  CONFIG_HEADERS  = 
  CONFIG_LINKS    = 
  CONFIG_COMMANDS = 
  $ ./config.status 

on ubuntu

config.status:743: creating Makefile
config.status:926: executing depfiles commands
configure:22145: configuring in CoinUtils
configure:22262: running /bin/bash './configure' --prefix=/home/longbin/swBMRM/coin-Clp  --cache-file=/dev/null --srcdir=.
configure:22145: configuring in Clp
configure:22262: running /bin/bash './configure' --prefix=/home/longbin/swBMRM/coin-Clp  --cache-file=/dev/null --srcdir=.
configure:22354: Main configuration of Clp successful

## ---------------- ##
## Cache variables. ##
## ---------------- ##

ac_cv_build=i686-pc-linux-gnu
ac_cv_build_alias=i686-pc-linux-gnu
ac_cv_c_compiler_gnu=yes
ac_cv_cxx_compiler_gnu=yes
ac_cv_env_ADD_CFLAGS_set=
ac_cv_env_ADD_CFLAGS_value=
ac_cv_env_ADD_CXXFLAGS_set=
ac_cv_env_ADD_CXXFLAGS_value=
ac_cv_env_ADD_FFLAGS_set=
ac_cv_env_ADD_FFLAGS_value=
ac_cv_env_CC_set=
ac_cv_env_CC_value=
ac_cv_env_CDEFS_set=
ac_cv_env_CDEFS_value=
ac_cv_env_CFLAGS_set=
ac_cv_env_CFLAGS_value=
ac_cv_env_COIN_SKIP_PROJECTS_set=
ac_cv_env_COIN_SKIP_PROJECTS_value=
ac_cv_env_CPPFLAGS_set=
ac_cv_env_CPPFLAGS_value=
ac_cv_env_CPP_set=
ac_cv_env_CPP_value=
ac_cv_env_CXXCPP_set=
ac_cv_env_CXXCPP_value=
ac_cv_env_CXXDEFS_set=
ac_cv_env_CXXDEFS_value=
ac_cv_env_CXXFLAGS_set=
ac_cv_env_CXXFLAGS_value=
ac_cv_env_CXX_set=
ac_cv_env_CXX_value=
ac_cv_env_DBG_CFLAGS_set=
ac_cv_env_DBG_CFLAGS_value=
ac_cv_env_DBG_CXXFLAGS_set=
ac_cv_env_DBG_CXXFLAGS_value=
ac_cv_env_DBG_FFLAGS_set=
ac_cv_env_DBG_FFLAGS_value=
ac_cv_env_F77_set=
ac_cv_env_F77_value=
ac_cv_env_FFLAGS_set=
ac_cv_env_FFLAGS_value=
ac_cv_env_LDFLAGS_set=
ac_cv_env_LDFLAGS_value=
ac_cv_env_MPICC_set=
ac_cv_env_MPICC_value=
ac_cv_env_MPICXX_set=
ac_cv_env_MPICXX_value=
ac_cv_env_MPIF77_set=
ac_cv_env_MPIF77_value=
ac_cv_env_OPT_CFLAGS_set=
ac_cv_env_OPT_CFLAGS_value=
ac_cv_env_OPT_CXXFLAGS_set=
ac_cv_env_OPT_CXXFLAGS_value=
ac_cv_env_OPT_FFLAGS_set=
ac_cv_env_OPT_FFLAGS_value=
ac_cv_env_build_alias_set=
ac_cv_env_build_alias_value=
ac_cv_env_host_alias_set=
ac_cv_env_host_alias_value=
ac_cv_env_target_alias_set=
ac_cv_env_target_alias_value=
ac_cv_exeext=
ac_cv_header_dlfcn_h=yes
ac_cv_header_inttypes_h=yes
ac_cv_header_memory_h=yes
ac_cv_header_stdc=yes
ac_cv_header_stdint_h=yes
ac_cv_header_stdlib_h=yes
ac_cv_header_string_h=yes
ac_cv_header_strings_h=yes
ac_cv_header_sys_stat_h=yes
ac_cv_header_sys_types_h=yes
ac_cv_header_unistd_h=yes
ac_cv_host=i686-pc-linux-gnu
ac_cv_host_alias=i686-pc-linux-gnu
ac_cv_objext=o
ac_cv_path_install='/usr/bin/install -c'
ac_cv_prog_AWK=mawk
ac_cv_prog_CPP='gcc -E'
ac_cv_prog_CXXCPP='g++ -E'
ac_cv_prog_ac_ct_AR=ar
ac_cv_prog_ac_ct_CC=gcc
ac_cv_prog_ac_ct_CXX=g++
ac_cv_prog_ac_ct_RANLIB=ranlib
ac_cv_prog_ac_ct_STRIP=strip
ac_cv_prog_cc_g=yes
ac_cv_prog_cc_stdc=
ac_cv_prog_cxx_g=yes
ac_cv_prog_egrep='grep -E'
ac_cv_prog_make_make_set=yes
am_cv_CC_dependencies_compiler_type=gcc3
am_cv_CXX_dependencies_compiler_type=gcc3
lt_cv_deplibs_check_method=pass_all
lt_cv_file_magic_cmd='$MAGIC_CMD'
lt_cv_file_magic_test_file=
lt_cv_ld_reload_flag=-r
lt_cv_objdir=.libs
lt_cv_path_LD=/usr/bin/ld
lt_cv_path_LDCXX=/usr/bin/ld
lt_cv_path_NM='/usr/bin/nm -B'
lt_cv_path_SED=/bin/sed
lt_cv_prog_compiler_c_o=yes
lt_cv_prog_compiler_c_o_CXX=yes
lt_cv_prog_compiler_c_o_F77=no
lt_cv_prog_compiler_rtti_exceptions=no
lt_cv_prog_gnu_ld=yes
lt_cv_prog_gnu_ldcxx=yes
lt_cv_sys_global_symbol_pipe='sed -n -e '\''s/^.*[ 	]\([ABCDGIRSTW][ABCDGIRSTW]*\)[ 	][ 	]*\([_A-Za-z][_A-Za-z0-9]*\)$/\1 \2 \2/p'\'''
lt_cv_sys_global_symbol_to_c_name_address='sed -n -e '\''s/^: \([^ ]*\) $/  {\"\1\", (lt_ptr) 0},/p'\'' -e '\''s/^[BCDEGRST] \([^ ]*\) \([^ ]*\)$/  {"\2", (lt_ptr) \&\2},/p'\'''
lt_cv_sys_global_symbol_to_cdecl='sed -n -e '\''s/^. .* \(.*\)$/extern int \1;/p'\'''
lt_cv_sys_max_cmd_len=32768
lt_lt_cv_prog_compiler_c_o='"yes"'
lt_lt_cv_prog_compiler_c_o_CXX='"yes"'
lt_lt_cv_prog_compiler_c_o_F77='"no"'
lt_lt_cv_sys_global_symbol_pipe='"sed -n -e '\''s/^.*[ 	]\\([ABCDGIRSTW][ABCDGIRSTW]*\\)[ 	][ 	]*\\([_A-Za-z][_A-Za-z0-9]*\\)\$/\\1 \\2 \\2/p'\''"'
lt_lt_cv_sys_global_symbol_to_c_name_address='"sed -n -e '\''s/^: \\([^ ]*\\) \$/  {\\\"\\1\\\", (lt_ptr) 0},/p'\'' -e '\''s/^[BCDEGRST] \\([^ ]*\\) \\([^ ]*\\)\$/  {\"\\2\", (lt_ptr) \\&\\2},/p'\''"'
lt_lt_cv_sys_global_symbol_to_cdecl='"sed -n -e '\''s/^. .* \\(.*\\)\$/extern int \\1;/p'\''"'

## ----------------- ##
## Output variables. ##
## ----------------- ##

ACLOCAL='${SHELL} /home/longbin/swBMRM/coin-Clp/missing --run aclocal-1.9'
ADD_CFLAGS=''
ADD_CXXFLAGS=''
ADD_FFLAGS=''
AMDEPBACKSLASH='\'
AMDEP_FALSE='#'
AMDEP_TRUE=''
AMTAR='${SHELL} /home/longbin/swBMRM/coin-Clp/missing --run tar'
AR='ar'
AUTOCONF='${SHELL} /home/longbin/swBMRM/coin-Clp/missing --run autoconf'
AUTOHEADER='${SHELL} /home/longbin/swBMRM/coin-Clp/missing --run autoheader'
AUTOMAKE='${SHELL} /home/longbin/swBMRM/coin-Clp/missing --run automake-1.9'
AUX_DIR=''
AWK='mawk'
BUILDTOOLSDIR=''
CC='gcc'
CCDEPMODE='depmode=gcc3'
CDEFS=''
CFLAGS='-O3 -fomit-frame-pointer -pipe -DNDEBUG -pedantic-errors -Wimplicit -Wparentheses -Wsequence-point -Wreturn-type -Wcast-qual -Wall  '
COIN_SKIP_PROJECTS=''
CPP='gcc -E'
CPPFLAGS=''
CXX='g++'
CXXCPP='g++ -E'
CXXDEFS=''
CXXDEPMODE='depmode=gcc3'
CXXFLAGS='-O3 -fomit-frame-pointer -pipe -DNDEBUG -pedantic-errors -Wimplicit -Wparentheses -Wreturn-type -Wcast-qual -Wall -Wpointer-arith -Wwrite-strings -Wconversion  '
CYGPATH_W='echo'
DBG_CFLAGS='-g -pipe -pedantic-errors -Wimplicit -Wparentheses -Wsequence-point -Wreturn-type -Wcast-qual -Wall  '
DBG_CXXFLAGS='-g -pipe -pedantic-errors -Wimplicit -Wparentheses -Wreturn-type -Wcast-qual -Wall -Wpointer-arith -Wwrite-strings -Wconversion  '
DBG_FFLAGS=' '
DEFS='-DPACKAGE_NAME=\"Clp\" -DPACKAGE_TARNAME=\"clp\" -DPACKAGE_VERSION=\"0.1\" -DPACKAGE_STRING=\"Clp\ 0.1\" -DPACKAGE_BUGREPORT=\"coin-clp@lists.coin-or.org\" -DPACKAGE=\"clp\" -DVERSION=\"0.1\" -DSTDC_HEADERS=1 -DHAVE_SYS_TYPES_H=1 -DHAVE_SYS_STAT_H=1 -DHAVE_STDLIB_H=1 -DHAVE_STRING_H=1 -DHAVE_MEMORY_H=1 -DHAVE_STRINGS_H=1 -DHAVE_INTTYPES_H=1 -DHAVE_STDINT_H=1 -DHAVE_UNISTD_H=1 -DHAVE_DLFCN_H=1 '
DEPDIR='.deps'
ECHO='echo'
ECHO_C=''
ECHO_N='-n'
ECHO_T=''
EGREP='grep -E'
EXEEXT=''
F77='unavailable'
FFLAGS=' '
HAVE_EXTERNALS_FALSE=''
HAVE_EXTERNALS_TRUE='#'
INSTALL_DATA='${INSTALL} -m 644'
INSTALL_PROGRAM='${INSTALL}'
INSTALL_SCRIPT='${INSTALL}'
INSTALL_STRIP_PROGRAM='${SHELL} $(install_sh) -c -s'
LDFLAGS=''
LIBEXT='a'
LIBOBJS=''
LIBS=''
LIBTOOL='$(SHELL) $(top_builddir)/libtool'
LIBTOOLM4=''
LN_S='ln -s'
LTLIBOBJS=''
LT_LDFLAGS=''
MAINT='#'
MAINTAINER_MODE_FALSE=''
MAINTAINER_MODE_TRUE='#'
MAKEINFO='${SHELL} /home/longbin/swBMRM/coin-Clp/missing --run makeinfo'
MPICC=''
MPICXX=''
MPIF77=''
OBJEXT='o'
OPT_CFLAGS='-O3 -fomit-frame-pointer -pipe -DNDEBUG -pedantic-errors -Wimplicit -Wparentheses -Wsequence-point -Wreturn-type -Wcast-qual -Wall  '
OPT_CXXFLAGS='-O3 -fomit-frame-pointer -pipe -DNDEBUG -pedantic-errors -Wimplicit -Wparentheses -Wreturn-type -Wcast-qual -Wall -Wpointer-arith -Wwrite-strings -Wconversion  '
OPT_FFLAGS=' '
PACKAGE='clp'
PACKAGE_BUGREPORT='coin-clp@lists.coin-or.org'
PACKAGE_NAME='Clp'
PACKAGE_STRING='Clp 0.1'
PACKAGE_TARNAME='clp'
PACKAGE_VERSION='0.1'
PATH_SEPARATOR=':'
RANLIB='ranlib'
RPATH_FLAGS=' -Wl,--rpath -Wl,/home/longbin/swBMRM/coin-Clp/lib'
SET_MAKE=''
SHELL='/bin/bash'
STRIP='strip'
VERSION='0.1'
VPATH_DISTCLEANFILES=''
abs_bin_dir='/home/longbin/swBMRM/coin-Clp/bin'
abs_include_dir='/home/longbin/swBMRM/coin-Clp/include'
abs_lib_dir='/home/longbin/swBMRM/coin-Clp/lib'
abs_source_dir='/home/longbin/swBMRM/coin-Clp'
ac_c_preproc_warn_flag=''
ac_ct_AR='ar'
ac_ct_CC='gcc'
ac_ct_CXX='g++'
ac_ct_F77=''
ac_ct_RANLIB='ranlib'
ac_ct_STRIP='strip'
ac_cxx_preproc_warn_flag=''
am__fastdepCC_FALSE='#'
am__fastdepCC_TRUE=''
am__fastdepCXX_FALSE='#'
am__fastdepCXX_TRUE=''
am__include='include'
am__leading_dot='.'
am__quote=''
am__tar='${AMTAR} chof - "$$tardir"'
am__untar='${AMTAR} xf -'
bindir='${exec_prefix}/bin'
build='i686-pc-linux-gnu'
build_alias=''
build_cpu='i686'
build_os='linux-gnu'
build_vendor='pc'
datadir='${prefix}/share'
exec_prefix='${prefix}'
have_autoconf=''
have_automake=''
have_svn=''
host='i686-pc-linux-gnu'
host_alias=''
host_cpu='i686'
host_os='linux-gnu'
host_vendor='pc'
includedir='${prefix}/include'
infodir='${prefix}/info'
install_sh='/home/longbin/swBMRM/coin-Clp/install-sh'
libdir='${exec_prefix}/lib'
libexecdir='${exec_prefix}/libexec'
localstatedir='${prefix}/var'
mandir='${prefix}/man'
mkdir_p='mkdir -p --'
oldincludedir='/usr/include'
prefix='/home/longbin/swBMRM/coin-Clp'
program_transform_name='s,x,x,'
sbindir='${exec_prefix}/sbin'
sharedstatedir='${prefix}/com'
subdirs=' CoinUtils Clp'
sysconfdir='${prefix}/etc'
target_alias=''

## ----------- ##
## confdefs.h. ##
## ----------- ##

#define HAVE_DLFCN_H 1
#define HAVE_INTTYPES_H 1
#define HAVE_MEMORY_H 1
#define HAVE_STDINT_H 1
#define HAVE_STDLIB_H 1
#define HAVE_STRINGS_H 1
#define HAVE_STRING_H 1
#define HAVE_SYS_STAT_H 1
#define HAVE_SYS_TYPES_H 1
#define HAVE_UNISTD_H 1
#define PACKAGE "clp"
#define PACKAGE_BUGREPORT "coin-clp@lists.coin-or.org"
#define PACKAGE_NAME "Clp"
#define PACKAGE_STRING "Clp 0.1"
#define PACKAGE_TARNAME "clp"
#define PACKAGE_VERSION "0.1"
#define STDC_HEADERS 1
#define VERSION "0.1"
#endif
#ifdef __cplusplus
extern "C" void exit (int) throw ();

configure: exit 0
